#
# There is insufficient memory for the Java Runtime Environment to continue.
# Native memory allocation (mmap) failed to map 134217728 bytes for Failed to commit area from 0x0000000081c00000 to 0x0000000089c00000 of length 134217728.
# Possible reasons:
#   The system is out of physical RAM or swap space
#   The process is running with CompressedOops enabled, and the Java Heap may be blocking the growth of the native heap
# Possible solutions:
#   Reduce memory load on the system
#   Increase physical memory or swap space
#   Check if swap backing store is full
#   Decrease Java heap size (-Xmx/-Xms)
#   Decrease number of Java threads
#   Decrease Java thread stack sizes (-Xss)
#   Set larger code cache with -XX:ReservedCodeCacheSize=
# This output file may be truncated or incomplete.
#
#  Out of Memory Error (t:/workspace/open/src/hotspot/os/windows/os_windows.cpp:3269), pid=8324, tid=22324
#
# JRE version:  (11.0.2+9) (build )
# Java VM: Java HotSpot(TM) 64-Bit Server VM (11.0.2+9-LTS, mixed mode, aot, sharing, tiered, compressed oops, g1 gc, windows-amd64)
# No core dump will be written. Minidumps are not enabled by default on client versions of Windows
#

---------------  S U M M A R Y ------------

Command Line: -Dfile.encoding=GBK hotial.Employsee

Host: Intel(R) Core(TM) i5-7300HQ CPU @ 2.50GHz, 4 cores, 7G,  Windows 10 , 64 bit Build 18362 (10.0.18362.329)
Time: Wed Jan  8 23:01:21 2020 ?D1¨²¡À¨º¡Á?¨º¡À?? elapsed time: 0 seconds (0d 0h 0m 0s)

---------------  T H R E A D  ---------------

Current thread (0x000001b4797d5800):  JavaThread "Unknown thread" [_thread_in_vm, id=22324, stack(0x0000004240b00000,0x0000004240c00000)]

Stack: [0x0000004240b00000,0x0000004240c00000]
Native frames: (J=compiled Java code, j=interpreted, Vv=VM code, C=native code)
V  [jvm.dll+0x63574a]
V  [jvm.dll+0x77326f]
V  [jvm.dll+0x77491a]
V  [jvm.dll+0x774fd3]
V  [jvm.dll+0x25e418]
V  [jvm.dll+0x632c0a]
V  [jvm.dll+0x627645]
V  [jvm.dll+0x314e7c]
V  [jvm.dll+0x314d02]
V  [jvm.dll+0x31a576]
V  [jvm.dll+0x36635f]
V  [jvm.dll+0x365d80]
V  [jvm.dll+0x2f19f8]
V  [jvm.dll+0x2f2b56]
V  [jvm.dll+0x74c817]
V  [jvm.dll+0x74df5f]
V  [jvm.dll+0x373179]
V  [jvm.dll+0x732eb9]
V  [jvm.dll+0x3e295d]
V  [jvm.dll+0x3e4c61]
C  [javaw.exe+0x3617]
C  [javaw.exe+0x17e2c]
C  [KERNEL32.DLL+0x17bd4]
C  [ntdll.dll+0x6ced1]


---------------  P R O C E S S  ---------------

Threads class SMR info:
_java_thread_list=0x000001b479603670, length=0, elements={
}

Java Threads: ( => current thread )

Other Threads:
  0x000001b4796da800 GCTaskThread "GC Thread#0" [stack: 0x0000004240c00000,0x0000004240d00000] [id=22340]
  0x000001b479818000 ConcurrentGCThread "G1 Main Marker" [stack: 0x0000004240d00000,0x0000004240e00000] [id=22300]
  0x000001b47981a000 ConcurrentGCThread "G1 Conc#0" [stack: 0x0000004240e00000,0x0000004240f00000] [id=22352]

[error occurred during error reporting (printing all threads), id 0xc0000005, EXCEPTION_ACCESS_VIOLATION (0xc0000005) at pc=0x00007fff69b60197]

VM state:not at safepoint (not fully initialized)

VM Mutex/Monitor currently owned by a thread:  ([mutex/lock_event])
[0x000001b4797d4040] Heap_lock - owner thread: 0x000001b4797d5800

Heap address: 0x0000000081c00000, size: 2020 MB, Compressed Oops mode: Non-zero based: 0x0000000081c00000
Narrow klass base: 0x0000000000000000, Narrow klass shift: 0

GC Heap History (0 events):
No events

Deoptimization events (0 events):
No events

Classes redefined (0 events):
No events

Internal exceptions (0 events):
No events

Events (0 events):
No events


Dynamic libraries:
0x00007ff7a44c0000 - 0x00007ff7a4507000 	D:\develop\Java\jdk-11.0.2\bin\javaw.exe
0x00007fff849c0000 - 0x00007fff84bb0000 	C:\WINDOWS\SYSTEM32\ntdll.dll
0x00007fff83da0000 - 0x00007fff83e52000 	C:\WINDOWS\System32\KERNEL32.DLL
0x00007fff81980000 - 0x00007fff81c23000 	C:\WINDOWS\System32\KERNELBASE.dll
0x00007fff83c70000 - 0x00007fff83d13000 	C:\WINDOWS\System32\ADVAPI32.dll
0x00007fff82a70000 - 0x00007fff82b0e000 	C:\WINDOWS\System32\msvcrt.dll
0x00007fff84720000 - 0x00007fff847b7000 	C:\WINDOWS\System32\sechost.dll
0x00007fff84360000 - 0x00007fff84480000 	C:\WINDOWS\System32\RPCRT4.dll
0x00007fff83e60000 - 0x00007fff83ff4000 	C:\WINDOWS\System32\USER32.dll
0x00007fff81950000 - 0x00007fff81971000 	C:\WINDOWS\System32\win32u.dll
0x00007fff82c50000 - 0x00007fff82c76000 	C:\WINDOWS\System32\GDI32.dll
0x00007fff81c30000 - 0x00007fff81dc4000 	C:\WINDOWS\System32\gdi32full.dll
0x00007fff827b0000 - 0x00007fff8284e000 	C:\WINDOWS\System32\msvcp_win.dll
0x00007fff826b0000 - 0x00007fff827aa000 	C:\WINDOWS\System32\ucrtbase.dll
0x00007fff70dd0000 - 0x00007fff71055000 	C:\WINDOWS\WinSxS\amd64_microsoft.windows.common-controls_6595b64144ccf1df_6.0.18362.535_none_e6c3b34713100821\COMCTL32.dll
0x00007fff838b0000 - 0x00007fff83be6000 	C:\WINDOWS\System32\combase.dll
0x00007fff825e0000 - 0x00007fff82660000 	C:\WINDOWS\System32\bcryptPrimitives.dll
0x00007fff7d260000 - 0x00007fff7d26a000 	C:\WINDOWS\SYSTEM32\VERSION.dll
0x00007fff84950000 - 0x00007fff8497e000 	C:\WINDOWS\System32\IMM32.DLL
0x00007fff7b180000 - 0x00007fff7b196000 	D:\develop\Java\jdk-11.0.2\bin\vcruntime140.dll
0x00007fff74360000 - 0x00007fff7440a000 	D:\develop\Java\jdk-11.0.2\bin\msvcp140.dll
0x00007fff69860000 - 0x00007fff6a387000 	D:\develop\Java\jdk-11.0.2\bin\server\jvm.dll
0x00007fff84480000 - 0x00007fff84488000 	C:\WINDOWS\System32\PSAPI.DLL
0x00007fff69850000 - 0x00007fff69859000 	C:\WINDOWS\SYSTEM32\WSOCK32.dll
0x00007fff84540000 - 0x00007fff845af000 	C:\WINDOWS\System32\WS2_32.dll
0x00007fff7f950000 - 0x00007fff7f974000 	C:\WINDOWS\SYSTEM32\WINMM.dll
0x00007fff7f920000 - 0x00007fff7f94d000 	C:\WINDOWS\SYSTEM32\WINMMBASE.dll
0x00007fff82660000 - 0x00007fff826aa000 	C:\WINDOWS\System32\cfgmgr32.dll
0x00007fff818a0000 - 0x00007fff818b1000 	C:\WINDOWS\System32\kernel.appcore.dll
0x00007fff696b0000 - 0x00007fff696c1000 	D:\develop\Java\jdk-11.0.2\bin\verify.dll
0x00007fff68bc0000 - 0x00007fff68db4000 	C:\WINDOWS\SYSTEM32\DBGHELP.DLL
0x00007fff69760000 - 0x00007fff6978a000 	C:\WINDOWS\SYSTEM32\dbgcore.DLL
0x00007fff6cce0000 - 0x00007fff6cd09000 	D:\develop\Java\jdk-11.0.2\bin\java.dll
0x00007fff6b740000 - 0x00007fff6b756000 	D:\develop\Java\jdk-11.0.2\bin\zip.dll
0x00007fff6b890000 - 0x00007fff6b89a000 	D:\develop\Java\jdk-11.0.2\bin\jimage.dll

dbghelp: loaded successfully - version: 4.0.5 - missing functions: none
symbol engine: initialized successfully - sym options: 0x614 - pdb path: .;D:\develop\Java\jdk-11.0.2\bin;C:\WINDOWS\SYSTEM32;C:\WINDOWS\WinSxS\amd64_microsoft.windows.common-controls_6595b64144ccf1df_6.0.18362.535_none_e6c3b34713100821;D:\develop\Java\jdk-11.0.2\bin\server

VM Arguments:
jvm_args: -Dfile.encoding=GBK 
java_command: hotial.Employsee
java_class_path (initial): C:\Users\asus\eclipse-workspace\hotial\bin;D:\eclipse\sqljdbc4.jar
Launcher Type: SUN_STANDARD

[Global flags]
     intx CICompilerCount                          = 3                                         {product} {ergonomic}
     uint ConcGCThreads                            = 1                                         {product} {ergonomic}
     uint G1ConcRefinementThreads                  = 4                                         {product} {ergonomic}
   size_t G1HeapRegionSize                         = 1048576                                   {product} {ergonomic}
    uintx GCDrainStackTargetSize                   = 64                                        {product} {ergonomic}
   size_t InitialHeapSize                          = 134217728                                 {product} {ergonomic}
   size_t MarkStackSize                            = 4194304                                   {product} {ergonomic}
   size_t MaxHeapSize                              = 2118123520                                {product} {ergonomic}
   size_t MinHeapDeltaBytes                        = 1048576                                   {product} {ergonomic}
    uintx NonNMethodCodeHeapSize                   = 5830092                                {pd product} {ergonomic}
    uintx NonProfiledCodeHeapSize                  = 122914074                              {pd product} {ergonomic}
    uintx ProfiledCodeHeapSize                     = 122914074                              {pd product} {ergonomic}
    uintx ReservedCodeCacheSize                    = 251658240                              {pd product} {ergonomic}
     bool SegmentedCodeCache                       = true                                      {product} {ergonomic}
     bool UseCompressedClassPointers               = true                                 {lp64_product} {ergonomic}
     bool UseCompressedOops                        = true                                 {lp64_product} {ergonomic}
     bool UseG1GC                                  = true                                      {product} {ergonomic}
     bool UseLargePagesIndividualAllocation        = false                                  {pd product} {ergonomic}

Logging:
Log output configuration:
 #0: stdout all=warning uptime,level,tags
 #1: stderr all=off uptime,level,tags

Environment Variables:
JAVA_HOME=D:\develop\Java\jdk-11.0.2
PATH=D:/develop/Java/jdk-11.0.2/bin/server;D:/develop/Java/jdk-11.0.2/bin;C:\Program Files (x86)\Intel\iCLS Client\;C:\Program Files\Intel\iCLS Client\;C:\Windows\system32;C:\Windows;C:\Windows\System32\Wbem;C:\Windows\System32\WindowsPowerShell\v1.0\;C:\Program Files (x86)\NVIDIA Corporation\PhysX\Common;C:\Program Files (x86)\Intel\Intel(R) Management Engine Components\DAL;C:\Program Files\Intel\Intel(R) Management Engine Components\DAL;C:\Program Files (x86)\Intel\Intel(R) Management Engine Components\IPT;C:\Program Files\Intel\Intel(R) Management Engine Components\IPT;C:\Program Files\Intel\WiFi\bin\;C:\Program Files\Common Files\Intel\WirelessCommon\;D:\develop\Java\jdk-11.0.2\bin;C:\Program Files\NVIDIA Corporation\NVIDIA NvDLISR;C:\WINDOWS\system32;C:\WINDOWS;C:\WINDOWS\System32\Wbem;C:\WINDOWS\System32\WindowsPowerShell\v1.0\;C:\WINDOWS\System32\OpenSSH\;D:\Tomcat\apache-tomcat-9.0.26-windows-x64\apache-tomcat-9.0.26\bin;C:\Program Files (x86)\Microsoft SQL Server\140\Tools\Binn\;C:\Program Files\Microsoft SQL Server\140\Tools\Binn\;C:\Program Files (x86)\Microsoft SQL Server\140\DTS\Binn\;C:\Program Files\Microsoft SQL Server\140\DTS\Binn\;C:\Program Files\Microsoft SQL Server\Client SDK\ODBC\130\Tools\Binn\;C:\Program Files (x86)\Microsoft SQL Server\150\DTS\Binn\;C:\Users\asus\AppData\Local\Microsoft\WindowsApps;;D:\eclipse\eclipse;
USERNAME=asus
OS=Windows_NT
PROCESSOR_IDENTIFIER=Intel64 Family 6 Model 158 Stepping 9, GenuineIntel



---------------  S Y S T E M  ---------------

OS: Windows 10 , 64 bit Build 18362 (10.0.18362.329)

CPU:total 4 (initial active 4) (4 cores per cpu, 1 threads per core) family 6 model 158 stepping 9, cmov, cx8, fxsr, mmx, sse, sse2, sse3, ssse3, sse4.1, sse4.2, popcnt, avx, avx2, aes, clmul, erms, 3dnowpref, lzcnt, tsc, tscinvbit, bmi1, bmi2, adx, fma

Memory: 4k page, system-wide physical 8076M (1524M free)
TotalPageFile size 23187M (AvailPageFile size 100M)
current process WorkingSet (physical memory assigned to process): 9M, peak: 9M
current process commit charge ("private bytes"): 51M, peak: 179M

vm_info: Java HotSpot(TM) 64-Bit Server VM (11.0.2+9-LTS) for windows-amd64 JRE (11.0.2+9-LTS), built on Jan 18 2019 05:24:10 by "mach5one" with MS VC++ 15.5 (VS2017)

END.
